<?xml version="1.0" encoding="UTF-8"?>
<testsuite xmlns:xsi="http://www.w3.org/2001/XMLSchema-instance" xsi:noNamespaceSchemaLocation="https://maven.apache.org/surefire/maven-failsafe-plugin/xsd/failsafe-test-report.xsd" name="de.fred4jupiter.springboot.thymeleaf.user.UserServiceIT" time="7.788" tests="1" errors="0" skipped="0" failures="1">
  <properties>
[...]
</properties>
  <testcase name="loadUsersFromFile" classname="de.fred4jupiter.springboot.thymeleaf.user.UserServiceIT" time="0.063">
    <failure message="&#10;Expected: a value equal to or greater than &lt;2&gt;&#10;     but: &lt;1&gt; was less than &lt;2&gt;" type="java.lang.AssertionError"><![CDATA[java.lang.AssertionError: 

Expected: a value equal to or greater than <2>
     but: <1> was less than <2>
	at de.fred4jupiter.springboot.thymeleaf.user.UserServiceIT.loadUsersFromFile(UserServiceIT.java:27)
]]></failure>
    <system-out><![CDATA[
  .   ____          _            __ _ _
 /\\ / ___'_ __ _ _(_)_ __  __ _ \ \ \ \
( ( )\___ | '_ | '_| | '_ \/ _` | \ \ \ \
 \\/  ___)| |_)| | | | | || (_| |  ) ) ) )
  '  |____| .__|_| |_|_| |_\__, | / / / /
 =========|_|==============|___/=/_/_/_/
 :: Spring Boot ::        (v2.1.2.RELEASE)

2019-02-24 11:12:51,521 INFO [de.fred4jupiter.springboot.thymeleaf.user.UserServiceIT] - Starting UserServiceIT on inteli7 with PID 6820 (started by michael in D:\dev_sync\2_Github\spring-boot-thymeleaf)
2019-02-24 11:12:51,521 DEBUG [de.fred4jupiter.springboot.thymeleaf.user.UserServiceIT] - Running with Spring Boot v2.1.2.RELEASE, Spring v5.1.4.RELEASE
2019-02-24 11:12:51,521 INFO [de.fred4jupiter.springboot.thymeleaf.user.UserServiceIT] - No active profile set, falling back to default profiles: default
2019-02-24 11:12:55,502 INFO [de.fred4jupiter.springboot.thymeleaf.user.UserService] - Loading users from config...
2019-02-24 11:12:58,138 INFO [de.fred4jupiter.springboot.thymeleaf.user.UserServiceIT] - Started UserServiceIT in 7.007 seconds (JVM running for 8.221)
]]></system-out>
  </testcase>
</testsuite>